# JRE version: OpenJDK Runtime Environment (8.0_152-b01) (build 1.8.0_152-release-915-b01)
# Java VM: OpenJDK 64-Bit Server VM (25.152-b01 mixed mode linux-amd64 compressed oops)
Heap:
 PSYoungGen      total 436224K, used 0K [0x00000000e0000000, 0x0000000100000000, 0x0000000100000000)
  eden space 350208K, 0% used [0x00000000e0000000,0x00000000e0000000,0x00000000f5600000)
  from space 86016K, 0% used [0x00000000fac00000,0x00000000fac00000,0x0000000100000000)
  to   space 87040K, 0% used [0x00000000f5600000,0x00000000f5600000,0x00000000fab00000)
 ParOldGen       total 288768K, used 278076K [0x00000000a0000000, 0x00000000b1a00000, 0x00000000e0000000)
  object space 288768K, 96% used [0x00000000a0000000,0x00000000b0f8f3a0,0x00000000b1a00000)
 Metaspace       used 67947K, capacity 70344K, committed 70656K, reserved 1110016K
  class space    used 8615K, capacity 9126K, committed 9216K, reserved 1048576K
GC Heap History (10 events):
Event: 1014.194 GC heap after
Heap after GC invocations=21 (full 4):
 PSYoungGen      total 446464K, used 64171K [0x00000000e0000000, 0x0000000100000000, 0x0000000100000000)
  eden space 381952K, 0% used [0x00000000e0000000,0x00000000e0000000,0x00000000f7500000)
  from space 64512K, 99% used [0x00000000f7500000,0x00000000fb3aacb8,0x00000000fb400000)
  to   space 77824K, 0% used [0x00000000fb400000,0x00000000fb400000,0x0000000100000000)
 ParOldGen       total 209408K, used 176446K [0x00000000a0000000, 0x00000000acc80000, 0x00000000e0000000)
  object space 209408K, 84% used [0x00000000a0000000,0x00000000aac4f9f8,0x00000000acc80000)
 Metaspace       used 67895K, capacity 70280K, committed 70400K, reserved 1110016K
  class space    used 8615K, capacity 9126K, committed 9216K, reserved 1048576K
}
Event: 1014.194 GC heap before
{Heap before GC invocations=22 (full 5):
 PSYoungGen      total 446464K, used 64171K [0x00000000e0000000, 0x0000000100000000, 0x0000000100000000)
  eden space 381952K, 0% used [0x00000000e0000000,0x00000000e0000000,0x00000000f7500000)
  from space 64512K, 99% used [0x00000000f7500000,0x00000000fb3aacb8,0x00000000fb400000)
  to   space 77824K, 0% used [0x00000000fb400000,0x00000000fb400000,0x0000000100000000)
 ParOldGen       total 209408K, used 176446K [0x00000000a0000000, 0x00000000acc80000, 0x00000000e0000000)
  object space 209408K, 84% used [0x00000000a0000000,0x00000000aac4f9f8,0x00000000acc80000)
 Metaspace       used 67895K, capacity 70280K, committed 70400K, reserved 1110016K
  class space    used 8615K, capacity 9126K, committed 9216K, reserved 1048576K
Event: 1014.816 GC heap after
Heap after GC invocations=22 (full 5):
 PSYoungGen      total 446464K, used 0K [0x00000000e0000000, 0x0000000100000000, 0x0000000100000000)
  eden space 381952K, 0% used [0x00000000e0000000,0x00000000e0000000,0x00000000f7500000)
  from space 64512K, 0% used [0x00000000f7500000,0x00000000f7500000,0x00000000fb400000)
  to   space 77824K, 0% used [0x00000000fb400000,0x00000000fb400000,0x0000000100000000)
 ParOldGen       total 288768K, used 170206K [0x00000000a0000000, 0x00000000b1a00000, 0x00000000e0000000)
  object space 288768K, 58% used [0x00000000a0000000,0x00000000aa637a30,0x00000000b1a00000)
 Metaspace       used 67895K, capacity 70280K, committed 70400K, reserved 1110016K
  class space    used 8615K, capacity 9126K, committed 9216K, reserved 1048576K
}
Event: 1015.881 GC heap before
{Heap before GC invocations=23 (full 5):
 PSYoungGen      total 446464K, used 381952K [0x00000000e0000000, 0x0000000100000000, 0x0000000100000000)
  eden space 381952K, 100% used [0x00000000e0000000,0x00000000f7500000,0x00000000f7500000)
  from space 64512K, 0% used [0x00000000f7500000,0x00000000f7500000,0x00000000fb400000)
  to   space 77824K, 0% used [0x00000000fb400000,0x00000000fb400000,0x0000000100000000)
 ParOldGen       total 288768K, used 170206K [0x00000000a0000000, 0x00000000b1a00000, 0x00000000e0000000)
  object space 288768K, 58% used [0x00000000a0000000,0x00000000aa637a30,0x00000000b1a00000)
 Metaspace       used 67903K, capacity 70280K, committed 70400K, reserved 1110016K
  class space    used 8615K, capacity 9126K, committed 9216K, reserved 1048576K
Event: 1015.983 GC heap after
Heap after GC invocations=23 (full 5):
 PSYoungGen      total 430080K, used 58816K [0x00000000e0000000, 0x0000000100000000, 0x0000000100000000)
  eden space 352256K, 0% used [0x00000000e0000000,0x00000000e0000000,0x00000000f5800000)
  from space 77824K, 75% used [0x00000000fb400000,0x00000000fed702a8,0x0000000100000000)
  to   space 86016K, 0% used [0x00000000f5800000,0x00000000f5800000,0x00000000fac00000)
 ParOldGen       total 288768K, used 170214K [0x00000000a0000000, 0x00000000b1a00000, 0x00000000e0000000)
  object space 288768K, 58% used [0x00000000a0000000,0x00000000aa639a30,0x00000000b1a00000)
 Metaspace       used 67903K, capacity 70280K, committed 70400K, reserved 1110016K
  class space    used 8615K, capacity 9126K, committed 9216K, reserved 1048576K
}
Event: 1018.165 GC heap before
{Heap before GC invocations=24 (full 5):
 PSYoungGen      total 430080K, used 411072K [0x00000000e0000000, 0x0000000100000000, 0x0000000100000000)
  eden space 352256K, 100% used [0x00000000e0000000,0x00000000f5800000,0x00000000f5800000)
  from space 77824K, 75% used [0x00000000fb400000,0x00000000fed702a8,0x0000000100000000)
  to   space 86016K, 0% used [0x00000000f5800000,0x00000000f5800000,0x00000000fac00000)
 ParOldGen       total 288768K, used 170214K [0x00000000a0000000, 0x00000000b1a00000, 0x00000000e0000000)
  object space 288768K, 58% used [0x00000000a0000000,0x00000000aa639a30,0x00000000b1a00000)
 Metaspace       used 67931K, capacity 70280K, committed 70400K, reserved 1110016K
  class space    used 8615K, capacity 9126K, committed 9216K, reserved 1048576K
Event: 1018.405 GC heap after
Heap after GC invocations=24 (full 5):
 PSYoungGen      total 438272K, used 46935K [0x00000000e0000000, 0x0000000100000000, 0x0000000100000000)
  eden space 352256K, 0% used [0x00000000e0000000,0x00000000e0000000,0x00000000f5800000)
  from space 86016K, 54% used [0x00000000f5800000,0x00000000f85d5fb8,0x00000000fac00000)
  to   space 86016K, 0% used [0x00000000fac00000,0x00000000fac00000,0x0000000100000000)
 ParOldGen       total 288768K, used 214860K [0x00000000a0000000, 0x00000000b1a00000, 0x00000000e0000000)
  object space 288768K, 74% used [0x00000000a0000000,0x00000000ad1d33e0,0x00000000b1a00000)
 Metaspace       used 67931K, capacity 70280K, committed 70400K, reserved 1110016K
  class space    used 8615K, capacity 9126K, committed 9216K, reserved 1048576K
}
Event: 1022.254 GC heap before
{Heap before GC invocations=25 (full 5):
 PSYoungGen      total 438272K, used 399191K [0x00000000e0000000, 0x0000000100000000, 0x0000000100000000)
  eden space 352256K, 100% used [0x00000000e0000000,0x00000000f5800000,0x00000000f5800000)
  from space 86016K, 54% used [0x00000000f5800000,0x00000000f85d5fb8,0x00000000fac00000)
  to   space 86016K, 0% used [0x00000000fac00000,0x00000000fac00000,0x0000000100000000)
 ParOldGen       total 288768K, used 214860K [0x00000000a0000000, 0x00000000b1a00000, 0x00000000e0000000)
  object space 288768K, 74% used [0x00000000a0000000,0x00000000ad1d33e0,0x00000000b1a00000)
 Metaspace       used 67947K, capacity 70344K, committed 70656K, reserved 1110016K
  class space    used 8615K, capacity 9126K, committed 9216K, reserved 1048576K
Event: 1022.475 GC heap after
Heap after GC invocations=25 (full 5):
 PSYoungGen      total 436224K, used 50601K [0x00000000e0000000, 0x0000000100000000, 0x0000000100000000)
  eden space 350208K, 0% used [0x00000000e0000000,0x00000000e0000000,0x00000000f5600000)
  from space 86016K, 58% used [0x00000000fac00000,0x00000000fdd6a450,0x0000000100000000)
  to   space 87040K, 0% used [0x00000000f5600000,0x00000000f5600000,0x00000000fab00000)
 ParOldGen       total 288768K, used 253294K [0x00000000a0000000, 0x00000000b1a00000, 0x00000000e0000000)
  object space 288768K, 87% used [0x00000000a0000000,0x00000000af75b810,0x00000000b1a00000)
 Metaspace       used 67947K, capacity 70344K, committed 70656K, reserved 1110016K
  class space    used 8615K, capacity 9126K, committed 9216K, reserved 1048576K
}
Event: 1022.475 GC heap before
{Heap before GC invocations=26 (full 6):
 PSYoungGen      total 436224K, used 50601K [0x00000000e0000000, 0x0000000100000000, 0x0000000100000000)
  eden space 350208K, 0% used [0x00000000e0000000,0x00000000e0000000,0x00000000f5600000)
  from space 86016K, 58% used [0x00000000fac00000,0x00000000fdd6a450,0x0000000100000000)
  to   space 87040K, 0% used [0x00000000f5600000,0x00000000f5600000,0x00000000fab00000)
 ParOldGen       total 288768K, used 253294K [0x00000000a0000000, 0x00000000b1a00000, 0x00000000e0000000)
  object space 288768K, 87% used [0x00000000a0000000,0x00000000af75b810,0x00000000b1a00000)
 Metaspace       used 67947K, capacity 70344K, committed 70656K, reserved 1110016K
  class space    used 8615K, capacity 9126K, committed 9216K, reserved 1048576K

